<?xml version="1.0" encoding="UTF-8"?>
<!-- Generated by org.testng.reporters.JUnitXMLReporter -->
<testsuite hostname="user-pc" name="Default test" tests="3" failures="0" timestamp="30 Mar 2017 02:55:05 GMT" time="17.211" errors="0">
  <testcase name="logInwpwd" time="4.164" classname="testcase.wrongPorN"/>
  <testcase name="logInwusn" time="3.229" classname="testcase.wrongPorN"/>
  <testcase name="logInNoUsn" time="3.201" classname="testcase.wrongPorN"/>
</testsuite> <!-- Default test -->
