<?xml version="1.0" encoding="UTF-8"?>
<!-- Generated by org.testng.reporters.JUnitXMLReporter -->
<testsuite hostname="user-pc" name="Default test" tests="3" failures="0" timestamp="29 Mar 2017 08:20:48 GMT" time="17.323" errors="0">
  <testcase name="logInwpwd" time="4.454" classname="testcase.wrongPorN"/>
  <testcase name="logInwusn" time="3.215" classname="testcase.wrongPorN"/>
  <testcase name="logInNoUsn" time="3.171" classname="testcase.wrongPorN"/>
</testsuite> <!-- Default test -->
