<?xml version="1.0" encoding="UTF-8"?>
<!-- Generated by org.testng.reporters.JUnitXMLReporter -->
<testsuite hostname="user-pc" name="Default test" tests="1" failures="1" timestamp="11 Apr 2017 07:13:06 GMT" time="0.031" errors="0">
  <testcase name="module1" time="0.02" classname="testcase.diffBrowser">
    <failure type="java.lang.NullPointerException">
      <![CDATA[java.lang.NullPointerException
	at Pages.LoginPage.openUrl(LoginPage.java:29)
	at testcase.diffBrowser.module1(diffBrowser.java:33)
... Removed 24 stack frames]]>
    </failure>
  </testcase> <!-- module1 -->
</testsuite> <!-- Default test -->
