<?xml version="1.0" encoding="UTF-8"?>
<!-- Generated by org.testng.reporters.JUnitXMLReporter -->
<testsuite hostname="user-pc" name="Default test" tests="2" failures="2" timestamp="11 May 2017 08:05:46 GMT" time="10.275" errors="0">
  <testcase name="module1" time="0.778" classname="testcase.diffBrowser">
    <failure type="java.lang.NullPointerException">
      <![CDATA[java.lang.NullPointerException
	at testcase.diffBrowser.module1(diffBrowser.java:35)
... Removed 24 stack frames]]>
    </failure>
  </testcase> <!-- module1 -->
  <testcase name="module2" time="0.786" classname="testcase.diffBrowser">
    <failure type="java.lang.NullPointerException">
      <![CDATA[java.lang.NullPointerException
	at testcase.diffBrowser.module2(diffBrowser.java:46)
... Removed 24 stack frames]]>
    </failure>
  </testcase> <!-- module2 -->
</testsuite> <!-- Default test -->
