<?xml version="1.0" encoding="UTF-8"?>
<!-- Generated by org.testng.reporters.JUnitXMLReporter -->
<testsuite hostname="shty-qc-wujj" name="Default test" tests="4" failures="0" timestamp="13 Sep 2017 03:23:41 GMT" time="35.677" errors="0">
  <testcase name="logIn" time="4.927" classname="testcase.productManage"/>
  <testcase name="newProduct" time="7.978" classname="testcase.productManage"/>
  <testcase name="delProduct" time="8.472" classname="testcase.productManage"/>
  <testcase name="leadinProduct" time="8.555" classname="testcase.productManage"/>
</testsuite> <!-- Default test -->
