<?xml version="1.0" encoding="UTF-8"?>
<!-- Generated by org.testng.reporters.JUnitXMLReporter -->
<testsuite hostname="user-pc" name="Default test" tests="4" failures="0" timestamp="11 May 2017 07:30:53 GMT" time="38.767" errors="0">
  <testcase name="Login" time="8.032" classname="testcase.loginCaihong"/>
  <testcase name="pdcManage" time="11.522" classname="testcase.loginCaihong"/>
  <testcase name="newPlan" time="8.385" classname="testcase.loginCaihong"/>
  <testcase name="newPtoPlan" time="6.56" classname="testcase.loginCaihong"/>
</testsuite> <!-- Default test -->
