<?xml version="1.0" encoding="UTF-8"?>
<testng-results skipped="0" failed="0" total="4" passed="4">
  <reporter-output>
  </reporter-output>
  <suite name="Default suite" duration-ms="62881" started-at="2017-09-25T08:36:26Z" finished-at="2017-09-25T08:37:28Z">
    <groups>
    </groups>
    <test name="Default test" duration-ms="62881" started-at="2017-09-25T08:36:26Z" finished-at="2017-09-25T08:37:28Z">
      <class name="testcase.BaseData.test">
        <test-method status="PASS" signature="openFireFox()[pri:0, instance:testcase.BaseData.test@18be83e4]" name="openFireFox" is-config="true" duration-ms="3623" started-at="2017-09-25T16:36:26Z" finished-at="2017-09-25T16:36:29Z">
          <reporter-output>
          </reporter-output>
        </test-method> <!-- openFireFox -->
        <test-method status="PASS" signature="logIn()[pri:1, instance:testcase.BaseData.test@18be83e4]" name="logIn" duration-ms="2570" started-at="2017-09-25T16:36:29Z" finished-at="2017-09-25T16:36:32Z">
          <reporter-output>
          </reporter-output>
        </test-method> <!-- logIn -->
        <test-method status="PASS" signature="newProduct()[pri:2, instance:testcase.BaseData.test@18be83e4]" name="newProduct" duration-ms="7435" started-at="2017-09-25T16:36:32Z" finished-at="2017-09-25T16:36:39Z">
          <reporter-output>
          </reporter-output>
        </test-method> <!-- newProduct -->
        <test-method status="PASS" signature="delProduct()[pri:3, instance:testcase.BaseData.test@18be83e4]" name="delProduct" duration-ms="6838" started-at="2017-09-25T16:36:39Z" finished-at="2017-09-25T16:36:46Z">
          <reporter-output>
          </reporter-output>
        </test-method> <!-- delProduct -->
        <test-method status="PASS" signature="leadinProduct()[pri:4, instance:testcase.BaseData.test@18be83e4]" name="leadinProduct" duration-ms="41697" started-at="2017-09-25T16:36:46Z" finished-at="2017-09-25T16:37:28Z">
          <reporter-output>
          </reporter-output>
        </test-method> <!-- leadinProduct -->
        <test-method status="PASS" signature="release()[pri:0, instance:testcase.BaseData.test@18be83e4]" name="release" is-config="true" duration-ms="700" started-at="2017-09-25T16:37:28Z" finished-at="2017-09-25T16:37:28Z">
          <reporter-output>
          </reporter-output>
        </test-method> <!-- release -->
      </class> <!-- testcase.BaseData.test -->
    </test> <!-- Default test -->
  </suite> <!-- Default suite -->
</testng-results>
