<?xml version="1.0" encoding="UTF-8"?>
<testng-results skipped="0" failed="0" total="3" passed="3">
  <reporter-output>
  </reporter-output>
  <suite name="Default suite" duration-ms="33263" started-at="2017-09-08T09:47:34Z" finished-at="2017-09-08T09:48:07Z">
    <groups>
    </groups>
    <test name="Default test" duration-ms="33263" started-at="2017-09-08T09:47:34Z" finished-at="2017-09-08T09:48:07Z">
      <class name="testcase.newFactory">
        <test-method status="PASS" signature="openFireFox()[pri:0, instance:testcase.newFactory@8bd1b6a]" name="openFireFox" is-config="true" duration-ms="7440" started-at="2017-09-08T17:47:34Z" finished-at="2017-09-08T17:47:42Z">
          <reporter-output>
          </reporter-output>
        </test-method> <!-- openFireFox -->
        <test-method status="PASS" signature="logIn()[pri:0, instance:testcase.newFactory@8bd1b6a]" name="logIn" duration-ms="6409" started-at="2017-09-08T17:47:42Z" finished-at="2017-09-08T17:47:48Z">
          <reporter-output>
          </reporter-output>
        </test-method> <!-- logIn -->
        <test-method status="PASS" signature="newFactory()[pri:0, instance:testcase.newFactory@8bd1b6a]" name="newFactory" duration-ms="12889" started-at="2017-09-08T17:47:48Z" finished-at="2017-09-08T17:48:01Z">
          <reporter-output>
          </reporter-output>
        </test-method> <!-- newFactory -->
        <test-method status="PASS" signature="DelFactory()[pri:0, instance:testcase.newFactory@8bd1b6a]" name="DelFactory" duration-ms="6509" started-at="2017-09-08T17:48:01Z" depends-on-methods="testcase.newFactory.logIn" finished-at="2017-09-08T17:48:07Z">
          <reporter-output>
          </reporter-output>
        </test-method> <!-- DelFactory -->
      </class> <!-- testcase.newFactory -->
    </test> <!-- Default test -->
  </suite> <!-- Default suite -->
</testng-results>
