<?xml version="1.0" encoding="UTF-8"?>
<!-- Generated by org.testng.reporters.JUnitXMLReporter -->
<testsuite hostname="shty-qc-wujj" name="factorymanage" tests="3" failures="0" timestamp="30 Sep 2017 05:53:26 GMT" time="30.6" errors="0">
  <testcase name="logIn" time="2.964" classname="testcase.BaseData.FactoryManage"/>
  <testcase name="addFactory" time="12.863" classname="testcase.BaseData.FactoryManage"/>
  <testcase name="delFactory" time="8.482" classname="testcase.BaseData.FactoryManage"/>
</testsuite> <!-- factorymanage -->
